<?xml version="1.0" encoding="UTF-8"?>
<!-- Generated by org.testng.reporters.JUnitReportReporter -->
<testsuite hostname="User-PC" failures="0" tests="1" name="KiteAppTestClasses.KiteAppTestNGClasses" time="0.022" errors="0" timestamp="2022-08-26T12:38:43 IST" skipped="0">
  <testcase classname="KiteAppTestClasses.KiteAppTestNGClasses" name="f" time="0.022"/>
  <system-out/>
</testsuite> <!-- KiteAppTestClasses.KiteAppTestNGClasses -->
